::1 - - [26/Feb/2025:19:52:12 +0300] "GET /cgi-bin/hello.cgi HTTP/1.1" 200 14
::1 - - [26/Feb/2025:19:52:13 +0300] "GET /favicon.ico HTTP/1.1" 404 196
::1 - - [26/Feb/2025:19:58:44 +0300] "GET /cgi-bin/3-2.cgi HTTP/1.1" 200 206
::1 - - [26/Feb/2025:20:08:35 +0300] "GET /cgi-bin/sarah-revere.cgi HTTP/1.1" 200 48
::1 - - [26/Feb/2025:20:09:18 +0300] "GET /cgi-bin/sarah-revere.cgi/?2 HTTP/1.1" 200 48
::1 - - [26/Feb/2025:20:09:36 +0300] "GET /cgi-bin/sarah-revere.cgi/?lanterns%20=%202 HTTP/1.1" 200 48
::1 - - [26/Feb/2025:20:09:48 +0300] "GET /cgi-bin/sarah-revere.cgi/?lanterns=2 HTTP/1.1" 200 32
::1 - - [26/Feb/2025:20:09:53 +0300] "GET /cgi-bin/sarah-revere.cgi/?lanterns=1 HTTP/1.1" 200 33
::1 - - [26/Feb/2025:20:12:21 +0300] "GET /cgi-bin/greet_user.cgi HTTP/1.1" 200 18
::1 - - [26/Feb/2025:20:13:01 +0300] "GET /cgi-bin/greet_user.cgi/?%3Cname=Vadim%3E HTTP/1.1" 200 23
::1 - - [26/Feb/2025:20:22:35 +0300] "GET /cgi-bin/sara.cgi/?=lanterns=1 HTTP/1.1" 200 15
::1 - - [26/Feb/2025:20:22:45 +0300] "GET /cgi-bin/sara.cgi/?lanterns=1 HTTP/1.1" 200 17
::1 - - [26/Feb/2025:20:22:49 +0300] "GET /cgi-bin/sara.cgi/?lanterns=2 HTTP/1.1" 200 16
::1 - - [26/Feb/2025:20:23:25 +0300] "GET /cgi-bin/greet_user.cgi HTTP/1.1" 200 18
::1 - - [26/Feb/2025:20:24:53 +0300] "GET /cgi-bin/greet_user.cgi/?%3Cname=Vadim%3E HTTP/1.1" 200 23
::1 - - [26/Feb/2025:20:25:04 +0300] "GET /cgi-bin/greet_user.cgi/?%3Cname%3E=Vadim HTTP/1.1" 200 18
::1 - - [26/Feb/2025:20:25:12 +0300] "GET /cgi-bin/greet_user.cgi/?%3Cname=Vadim%3E HTTP/1.1" 200 23
::1 - - [26/Feb/2025:20:25:22 +0300] "GET /cgi-bin/greet_user.cgi/?name=Vadim HTTP/1.1" 200 20
::1 - - [26/Feb/2025:20:26:19 +0300] "GET /cgi-bin/3-2.cgi HTTP/1.1" 200 206
::1 - - [26/Feb/2025:20:26:46 +0300] "GET /cgi-bin/hello.cgi HTTP/1.1" 200 14
::1 - - [26/Feb/2025:20:36:50 +0300] "GET /cgi-bin/HTTPResponce.cgi HTTP/1.1" 404 196
::1 - - [26/Feb/2025:20:37:00 +0300] "GET /cgi-bin/HttpResponce.cgi HTTP/1.1" 404 196
::1 - - [26/Feb/2025:20:37:10 +0300] "GET /cgi-bin/HttpResponse.cgi HTTP/1.1" 200 206
::1 - - [26/Feb/2025:21:00:57 +0300] "GET /cgi-bin/User_Name.cgi/?name=Vadim HTTP/1.1" 200 20
::1 - - [26/Feb/2025:21:26:10 +0300] "GET /cgi-bin/User_Name.cgi/?name=Vadim HTTP/1.1" 200 15
::1 - - [26/Feb/2025:21:26:33 +0300] "GET /cgi-bin/user_name.cgi/?name=VadimDenisovich HTTP/1.1" 200 25
